Using pre-set license
Built from '2022.3/staging' branch; Version is '2022.3.62f1 (4af31df58517) revision 4911901'; Using compiler version '192829333'; Build Type 'Release'
OS: 'Windows 11  (10.0.26100) 64bit Professional' Language: 'tr' Physical Memory: 16251 MB
BatchMode: 1, IsHumanControllingUs: 0, StartBugReporterOnCrash: 0, Is64bit: 1, IsPro: 1

COMMAND LINE ARGUMENTS:
C:\Program Files\Unity\Hub\Editor\2022.3.62f1\Editor\Unity.exe
-adb2
-batchMode
-noUpm
-name
AssetImportWorker0
-projectPath
C:/Users/ak561/Unity/RealityOfSicienceChemistry/RealityOfScienceChemistry
-logFile
Logs/AssetImportWorker0.log
-srvPort
<<<<<<< HEAD
60528
Successfully changed project path to: C:/Users/Turgay/RealityOfScienceChemistry/RealityOfScienceChemistry
C:/Users/Turgay/RealityOfScienceChemistry/RealityOfScienceChemistry
=======
60850
Successfully changed project path to: C:/Users/ak561/Unity/RealityOfSicienceChemistry/RealityOfScienceChemistry
C:/Users/ak561/Unity/RealityOfSicienceChemistry/RealityOfScienceChemistry
>>>>>>> 341d4d3951c3128341e685595ef74a1a041a317b
[UnityMemory] Configuration Parameters - Can be set up in boot.config
    "memorysetup-bucket-allocator-granularity=16"
    "memorysetup-bucket-allocator-bucket-count=8"
    "memorysetup-bucket-allocator-block-size=33554432"
    "memorysetup-bucket-allocator-block-count=8"
    "memorysetup-main-allocator-block-size=16777216"
    "memorysetup-thread-allocator-block-size=16777216"
    "memorysetup-gfx-main-allocator-block-size=16777216"
    "memorysetup-gfx-thread-allocator-block-size=16777216"
    "memorysetup-cache-allocator-block-size=4194304"
    "memorysetup-typetree-allocator-block-size=2097152"
    "memorysetup-profiler-bucket-allocator-granularity=16"
    "memorysetup-profiler-bucket-allocator-bucket-count=8"
    "memorysetup-profiler-bucket-allocator-block-size=33554432"
    "memorysetup-profiler-bucket-allocator-block-count=8"
    "memorysetup-profiler-allocator-block-size=16777216"
    "memorysetup-profiler-editor-allocator-block-size=1048576"
    "memorysetup-temp-allocator-size-main=16777216"
    "memorysetup-job-temp-allocator-block-size=2097152"
    "memorysetup-job-temp-allocator-block-size-background=1048576"
    "memorysetup-job-temp-allocator-reduction-small-platforms=262144"
    "memorysetup-allocator-temp-initial-block-size-main=262144"
    "memorysetup-allocator-temp-initial-block-size-worker=262144"
    "memorysetup-temp-allocator-size-background-worker=32768"
    "memorysetup-temp-allocator-size-job-worker=262144"
    "memorysetup-temp-allocator-size-preload-manager=33554432"
    "memorysetup-temp-allocator-size-nav-mesh-worker=65536"
    "memorysetup-temp-allocator-size-audio-worker=65536"
    "memorysetup-temp-allocator-size-cloud-worker=32768"
    "memorysetup-temp-allocator-size-gi-baking-worker=262144"
    "memorysetup-temp-allocator-size-gfx=262144"
<<<<<<< HEAD
Player connection [16956]  Target information:

Player connection [16956]  * "[IP] 192.168.1.11 [Port] 0 [Flags] 2 [Guid] 4194036995 [EditorId] 4194036995 [Version] 1048832 [Id] WindowsEditor(7,DESKTOP-HN8FTTK) [Debug] 1 [PackageName] WindowsEditor [ProjectName] Editor" 

Player connection [16956] Host joined multi-casting on [225.0.0.222:54997]...
Player connection [16956] Host joined alternative multi-casting on [225.0.0.222:34997]...
Input System module state changed to: Initialized.
[PhysX] Initialized MultithreadedTaskDispatcher with 8 workers.
Refreshing native plugins compatible for Editor in 1401.65 ms, found 3 plugins.
=======
Player connection [16900]  Target information:

Player connection [16900]  * "[IP] 192.168.0.24 [Port] 0 [Flags] 2 [Guid] 432198037 [EditorId] 432198037 [Version] 1048832 [Id] WindowsEditor(7,AhmetBilgisayar) [Debug] 1 [PackageName] WindowsEditor [ProjectName] Editor" 

Player connection [16900] Host joined multi-casting on [225.0.0.222:54997]...
Player connection [16900] Host joined alternative multi-casting on [225.0.0.222:34997]...
Input System module state changed to: Initialized.
[PhysX] Initialized MultithreadedTaskDispatcher with 12 workers.
Refreshing native plugins compatible for Editor in 10.05 ms, found 3 plugins.
>>>>>>> 341d4d3951c3128341e685595ef74a1a041a317b
Preloading 0 native plugins for Editor in 0.00 ms.
Initialize engine version: 2022.3.62f1 (4af31df58517)
[Subsystems] Discovering subsystems at path C:/Program Files/Unity/Hub/Editor/2022.3.62f1/Editor/Data/Resources/UnitySubsystems
[Subsystems] Discovering subsystems at path C:/Users/ak561/Unity/RealityOfSicienceChemistry/RealityOfScienceChemistry/Assets
GfxDevice: creating device client; threaded=0; jobified=0
Direct3D:
    Version:  Direct3D 11.0 [level 11.1]
    Renderer: NVIDIA GeForce RTX 4060 (ID=0x2882)
    Vendor:   NVIDIA
    VRAM:     7957 MB
    Driver:   32.0.15.6094
Initialize mono
Mono path[0] = 'C:/Program Files/Unity/Hub/Editor/2022.3.62f1/Editor/Data/Managed'
Mono path[1] = 'C:/Program Files/Unity/Hub/Editor/2022.3.62f1/Editor/Data/MonoBleedingEdge/lib/mono/unityjit-win32'
Mono config path = 'C:/Program Files/Unity/Hub/Editor/2022.3.62f1/Editor/Data/MonoBleedingEdge/etc'
<<<<<<< HEAD
Using monoOptions --debugger-agent=transport=dt_socket,embedding=1,server=y,suspend=n,address=127.0.0.1:56188
Begin MonoManager ReloadAssembly
Registering precompiled unity dll's ...
Register platform support module: C:/Program Files/Unity/Hub/Editor/2022.3.62f1/Editor/Data/PlaybackEngines/WindowsStandaloneSupport/UnityEditor.WindowsStandalone.Extensions.dll
Registered in 0.024649 seconds.
- Loaded All Assemblies, in  1.078 seconds
Native extension for WindowsStandalone target not found
Mono: successfully reloaded assembly
- Finished resetting the current domain, in  0.681 seconds
Domain Reload Profiling: 1755ms
	BeginReloadAssembly (442ms)
=======
Using monoOptions --debugger-agent=transport=dt_socket,embedding=1,server=y,suspend=n,address=127.0.0.1:56156
Begin MonoManager ReloadAssembly
Registering precompiled unity dll's ...
Register platform support module: C:/Program Files/Unity/Hub/Editor/2022.3.62f1/Editor/Data/PlaybackEngines/WindowsStandaloneSupport/UnityEditor.WindowsStandalone.Extensions.dll
Register platform support module: C:/Program Files/Unity/Hub/Editor/2022.3.62f1/Editor/Data/PlaybackEngines/MetroSupport/UnityEditor.UWP.Extensions.dll
Registered in 0.011279 seconds.
- Loaded All Assemblies, in  0.434 seconds
Native extension for UWP target not found
Native extension for WindowsStandalone target not found
Mono: successfully reloaded assembly
- Finished resetting the current domain, in  0.374 seconds
Domain Reload Profiling: 796ms
	BeginReloadAssembly (121ms)
>>>>>>> 341d4d3951c3128341e685595ef74a1a041a317b
		ExecutionOrderSort (0ms)
		DisableScriptedObjects (0ms)
		BackupInstance (0ms)
		ReleaseScriptingObjects (0ms)
<<<<<<< HEAD
		CreateAndSetChildDomain (2ms)
	RebuildCommonClasses (82ms)
	RebuildNativeTypeToScriptingClass (23ms)
	initialDomainReloadingComplete (148ms)
	LoadAllAssembliesAndSetupDomain (379ms)
		LoadAssemblies (433ms)
		RebuildTransferFunctionScriptingTraits (0ms)
		AnalyzeDomain (375ms)
			TypeCache.Refresh (372ms)
				TypeCache.ScanAssembly (337ms)
			ScanForSourceGeneratedMonoScriptInfo (1ms)
			ResolveRequiredComponents (1ms)
	FinalizeReload (682ms)
		ReleaseScriptCaches (0ms)
		RebuildScriptCaches (0ms)
		SetupLoadedEditorAssemblies (560ms)
			LogAssemblyErrors (0ms)
			InitializePlatformSupportModulesInManaged (28ms)
			SetLoadedEditorAssemblies (20ms)
			RefreshPlugins (0ms)
			BeforeProcessingInitializeOnLoad (7ms)
			ProcessInitializeOnLoadAttributes (380ms)
			ProcessInitializeOnLoadMethodAttributes (125ms)
=======
		CreateAndSetChildDomain (1ms)
	RebuildCommonClasses (35ms)
	RebuildNativeTypeToScriptingClass (8ms)
	initialDomainReloadingComplete (66ms)
	LoadAllAssembliesAndSetupDomain (192ms)
		LoadAssemblies (120ms)
		RebuildTransferFunctionScriptingTraits (0ms)
		AnalyzeDomain (186ms)
			TypeCache.Refresh (184ms)
				TypeCache.ScanAssembly (168ms)
			ScanForSourceGeneratedMonoScriptInfo (0ms)
			ResolveRequiredComponents (0ms)
	FinalizeReload (375ms)
		ReleaseScriptCaches (0ms)
		RebuildScriptCaches (0ms)
		SetupLoadedEditorAssemblies (321ms)
			LogAssemblyErrors (0ms)
			InitializePlatformSupportModulesInManaged (12ms)
			SetLoadedEditorAssemblies (6ms)
			RefreshPlugins (0ms)
			BeforeProcessingInitializeOnLoad (2ms)
			ProcessInitializeOnLoadAttributes (229ms)
			ProcessInitializeOnLoadMethodAttributes (71ms)
>>>>>>> 341d4d3951c3128341e685595ef74a1a041a317b
			AfterProcessingInitializeOnLoad (0ms)
			EditorAssembliesLoaded (0ms)
		ExecutionOrderSort2 (0ms)
		AwakeInstancesAfterBackupRestoration (0ms)
========================================================================
Worker process is ready to serve import requests
Caller must complete domain reload
Begin MonoManager ReloadAssembly
<<<<<<< HEAD
- Loaded All Assemblies, in  2.912 seconds
Native extension for WindowsStandalone target not found
Mono: successfully reloaded assembly
- Finished resetting the current domain, in  1.509 seconds
Domain Reload Profiling: 4414ms
	BeginReloadAssembly (389ms)
		ExecutionOrderSort (0ms)
		DisableScriptedObjects (17ms)
		BackupInstance (0ms)
		ReleaseScriptingObjects (0ms)
		CreateAndSetChildDomain (46ms)
	RebuildCommonClasses (70ms)
	RebuildNativeTypeToScriptingClass (23ms)
	initialDomainReloadingComplete (101ms)
	LoadAllAssembliesAndSetupDomain (2321ms)
		LoadAssemblies (2105ms)
		RebuildTransferFunctionScriptingTraits (0ms)
		AnalyzeDomain (447ms)
			TypeCache.Refresh (387ms)
				TypeCache.ScanAssembly (359ms)
			ScanForSourceGeneratedMonoScriptInfo (37ms)
			ResolveRequiredComponents (19ms)
	FinalizeReload (1510ms)
		ReleaseScriptCaches (0ms)
		RebuildScriptCaches (0ms)
		SetupLoadedEditorAssemblies (1158ms)
			LogAssemblyErrors (0ms)
			InitializePlatformSupportModulesInManaged (16ms)
			SetLoadedEditorAssemblies (9ms)
			RefreshPlugins (0ms)
			BeforeProcessingInitializeOnLoad (137ms)
			ProcessInitializeOnLoadAttributes (916ms)
			ProcessInitializeOnLoadMethodAttributes (63ms)
			AfterProcessingInitializeOnLoad (17ms)
			EditorAssembliesLoaded (0ms)
		ExecutionOrderSort2 (0ms)
		AwakeInstancesAfterBackupRestoration (15ms)
Launched and connected shader compiler UnityShaderCompiler.exe after 0.10 seconds
Refreshing native plugins compatible for Editor in 9.25 ms, found 3 plugins.
Preloading 0 native plugins for Editor in 0.00 ms.
Unloading 3180 Unused Serialized files (Serialized files now loaded: 0)
Unloading 19 unused Assets / (54.7 KB). Loaded Objects now: 3665.
Memory consumption went from 133.9 MB to 133.8 MB.
Total: 6.511800 ms (FindLiveObjects: 0.474800 ms CreateObjectMapping: 0.401100 ms MarkObjects: 5.482100 ms  DeleteObjects: 0.152100 ms)
=======
- Loaded All Assemblies, in  0.710 seconds
Native extension for UWP target not found
Native extension for WindowsStandalone target not found
Mono: successfully reloaded assembly
- Finished resetting the current domain, in  0.576 seconds
Domain Reload Profiling: 1284ms
	BeginReloadAssembly (188ms)
		ExecutionOrderSort (0ms)
		DisableScriptedObjects (5ms)
		BackupInstance (0ms)
		ReleaseScriptingObjects (0ms)
		CreateAndSetChildDomain (28ms)
	RebuildCommonClasses (45ms)
	RebuildNativeTypeToScriptingClass (10ms)
	initialDomainReloadingComplete (51ms)
	LoadAllAssembliesAndSetupDomain (413ms)
		LoadAssemblies (355ms)
		RebuildTransferFunctionScriptingTraits (0ms)
		AnalyzeDomain (172ms)
			TypeCache.Refresh (151ms)
				TypeCache.ScanAssembly (136ms)
			ScanForSourceGeneratedMonoScriptInfo (15ms)
			ResolveRequiredComponents (4ms)
	FinalizeReload (577ms)
		ReleaseScriptCaches (0ms)
		RebuildScriptCaches (0ms)
		SetupLoadedEditorAssemblies (432ms)
			LogAssemblyErrors (0ms)
			InitializePlatformSupportModulesInManaged (7ms)
			SetLoadedEditorAssemblies (5ms)
			RefreshPlugins (0ms)
			BeforeProcessingInitializeOnLoad (67ms)
			ProcessInitializeOnLoadAttributes (322ms)
			ProcessInitializeOnLoadMethodAttributes (22ms)
			AfterProcessingInitializeOnLoad (7ms)
			EditorAssembliesLoaded (0ms)
		ExecutionOrderSort2 (0ms)
		AwakeInstancesAfterBackupRestoration (9ms)
Launched and connected shader compiler UnityShaderCompiler.exe after 0.07 seconds
Refreshing native plugins compatible for Editor in 6.25 ms, found 3 plugins.
Preloading 0 native plugins for Editor in 0.00 ms.
Unloading 3180 Unused Serialized files (Serialized files now loaded: 0)
Unloading 19 unused Assets / (54.7 KB). Loaded Objects now: 3665.
Memory consumption went from 134.1 MB to 134.0 MB.
Total: 3.101000 ms (FindLiveObjects: 0.253500 ms CreateObjectMapping: 0.084800 ms MarkObjects: 2.625500 ms  DeleteObjects: 0.136000 ms)
>>>>>>> 341d4d3951c3128341e685595ef74a1a041a317b

AssetImportParameters requested are different than current active one (requested -> active):
  custom:container-demuxer-ogg: 62fdf1f143b41e24485cea50d1cbac27 -> 
  custom:video-codec-MediaFoundation-h265: 746d11721c4dcdbdad8f713fa42b33f4 -> 
  custom:video-decoder-ogg-theora: a1e56fd34408186e4bbccfd4996cb3dc -> 
  custom:framework-win-MediaFoundation: 216162199b28c13a410421893ffa2e32 -> 
  custom:CustomObjectIndexerAttribute: 9a22284fe3817be447336de3de66b15e -> 
  custom:container-demuxer-webm: 4f35f7cbe854078d1ac9338744f61a02 -> 
  custom:container-muxer-webm: aa71ff27fc2769a1b78a27578f13a17b -> 
  custom:video-decoder-webm-vp8: 9c59270c3fd7afecdb556c50c9e8de78 -> 
  custom:SearchIndexIgnoredProperties: e643bd26f0fe6173181afceb89e7c659 -> 
  custom:AudioImporter_EditorPlatform: d09bf68614088b80899f8185d706f6e7 -> 
  custom:video-encoder-webm-vp8: eb34c28f22e8b96e1ab97ce403110664 -> 
  custom:audio-decoder-ogg-vorbis: bf7c407c2cedff20999df2af8eb42d56 -> 
  custom:audio-encoder-webm-vorbis: bf7c407c2cedff20999df2af8eb42d56 -> 
========================================================================
Received Import Request.
<<<<<<< HEAD
  Time since last request: 648481.136828 seconds.
  path: Assets/TextMesh Pro/Examples & Extras/Textures/Small Crate_normal.jpg
  artifactKey: Guid(8878a782f4334ecbbcf683b3ac780966) Importer(815301076,1909f56bfc062723c751e8b465ee728b)
Start importing Assets/TextMesh Pro/Examples & Extras/Textures/Small Crate_normal.jpg using Guid(8878a782f4334ecbbcf683b3ac780966) Importer(815301076,1909f56bfc062723c751e8b465ee728b) [PhysX] Initialized MultithreadedTaskDispatcher with 8 workers.
[PhysX] Initialized MultithreadedTaskDispatcher with 8 workers.
 -> (artifact id: '55e38df76b83b5a763dc4fe48579801a') in 0.180182 seconds
Number of updated asset objects reloaded before import = 0
Number of asset objects unloaded after import = 2
========================================================================
Received Import Request.
  Time since last request: 0.000043 seconds.
  path: Assets/TextMesh Pro/Examples & Extras/Resources/Fonts & Materials/Electronic Highway Sign SDF.asset
  artifactKey: Guid(dc36b3fdc14f47ebb36fd484a67e268a) Importer(815301076,1909f56bfc062723c751e8b465ee728b)
Start importing Assets/TextMesh Pro/Examples & Extras/Resources/Fonts & Materials/Electronic Highway Sign SDF.asset using Guid(dc36b3fdc14f47ebb36fd484a67e268a) Importer(815301076,1909f56bfc062723c751e8b465ee728b) [PhysX] Initialized MultithreadedTaskDispatcher with 8 workers.
[PhysX] Initialized MultithreadedTaskDispatcher with 8 workers.
[PhysX] Initialized MultithreadedTaskDispatcher with 8 workers.
 -> (artifact id: '3dfc86aa9080edbd691cac8a030c34e5') in 0.123172 seconds
Number of updated asset objects reloaded before import = 0
Number of asset objects unloaded after import = 6
========================================================================
Received Import Request.
  Time since last request: 0.000035 seconds.
  path: Assets/TextMesh Pro/Examples & Extras/Sprites/Default Sprites.png
  artifactKey: Guid(a0fc465d6cf04254a2938578735e2383) Importer(815301076,1909f56bfc062723c751e8b465ee728b)
Start importing Assets/TextMesh Pro/Examples & Extras/Sprites/Default Sprites.png using Guid(a0fc465d6cf04254a2938578735e2383) Importer(815301076,1909f56bfc062723c751e8b465ee728b) [PhysX] Initialized MultithreadedTaskDispatcher with 8 workers.
[PhysX] Initialized MultithreadedTaskDispatcher with 8 workers.
 -> (artifact id: '983f11c265fb8c5dfefdef8727030f8b') in 0.016045 seconds
Number of updated asset objects reloaded before import = 0
Number of asset objects unloaded after import = 2
========================================================================
Received Import Request.
  Time since last request: 0.000028 seconds.
  path: Assets/TextMesh Pro/Examples & Extras/Fonts/Oswald-Bold.ttf
  artifactKey: Guid(c9f6d0e7bc8541498c9a4799ba184ede) Importer(815301076,1909f56bfc062723c751e8b465ee728b)
Start importing Assets/TextMesh Pro/Examples & Extras/Fonts/Oswald-Bold.ttf using Guid(c9f6d0e7bc8541498c9a4799ba184ede) Importer(815301076,1909f56bfc062723c751e8b465ee728b) [PhysX] Initialized MultithreadedTaskDispatcher with 8 workers.
[PhysX] Initialized MultithreadedTaskDispatcher with 8 workers.
[PhysX] Initialized MultithreadedTaskDispatcher with 8 workers.
 -> (artifact id: '3fd36cedd4f18c58e293a9a7d7dea117') in 0.022967 seconds
Number of updated asset objects reloaded before import = 0
Number of asset objects unloaded after import = 4
========================================================================
Received Import Request.
  Time since last request: 0.000030 seconds.
  path: Assets/TextMesh Pro/Examples & Extras/Fonts/Roboto-Bold.ttf
  artifactKey: Guid(4beb055f07aaff244873dec698d0363e) Importer(815301076,1909f56bfc062723c751e8b465ee728b)
Start importing Assets/TextMesh Pro/Examples & Extras/Fonts/Roboto-Bold.ttf using Guid(4beb055f07aaff244873dec698d0363e) Importer(815301076,1909f56bfc062723c751e8b465ee728b) [PhysX] Initialized MultithreadedTaskDispatcher with 8 workers.
[PhysX] Initialized MultithreadedTaskDispatcher with 8 workers.
[PhysX] Initialized MultithreadedTaskDispatcher with 8 workers.
 -> (artifact id: 'a446314904cf4dcf5a240b80ad7a9997') in 0.021707 seconds
Number of updated asset objects reloaded before import = 0
Number of asset objects unloaded after import = 4
========================================================================
Received Import Request.
  Time since last request: 0.000027 seconds.
  path: Assets/TextMesh Pro/Examples & Extras/Textures/Gradient Horizontal (Color).jpg
  artifactKey: Guid(6eb184de103d4b3f812b38561065192f) Importer(815301076,1909f56bfc062723c751e8b465ee728b)
Start importing Assets/TextMesh Pro/Examples & Extras/Textures/Gradient Horizontal (Color).jpg using Guid(6eb184de103d4b3f812b38561065192f) Importer(815301076,1909f56bfc062723c751e8b465ee728b) [PhysX] Initialized MultithreadedTaskDispatcher with 8 workers.
[PhysX] Initialized MultithreadedTaskDispatcher with 8 workers.
 -> (artifact id: '2c3d36acdba94932c5fc548273f143cb') in 0.015514 seconds
Number of updated asset objects reloaded before import = 0
Number of asset objects unloaded after import = 2
========================================================================
Received Import Request.
  Time since last request: 0.000038 seconds.
  path: Assets/TextMesh Pro/Examples & Extras/Textures/Gradient Diagonal (Color).jpg
  artifactKey: Guid(2ce5c55e85304b819a1826ecbc839aa5) Importer(815301076,1909f56bfc062723c751e8b465ee728b)
Start importing Assets/TextMesh Pro/Examples & Extras/Textures/Gradient Diagonal (Color).jpg using Guid(2ce5c55e85304b819a1826ecbc839aa5) Importer(815301076,1909f56bfc062723c751e8b465ee728b) [PhysX] Initialized MultithreadedTaskDispatcher with 8 workers.
[PhysX] Initialized MultithreadedTaskDispatcher with 8 workers.
 -> (artifact id: '61837b766b7c6b6e0dc6f1f7af24ed46') in 0.009247 seconds
Number of updated asset objects reloaded before import = 0
Number of asset objects unloaded after import = 2
========================================================================
Received Import Request.
  Time since last request: 0.000041 seconds.
  path: Assets/TextMesh Pro/Examples & Extras/Textures/Sunny Days - Seamless.jpg
  artifactKey: Guid(17c350171f7a3ca479f830547c66d187) Importer(815301076,1909f56bfc062723c751e8b465ee728b)
Start importing Assets/TextMesh Pro/Examples & Extras/Textures/Sunny Days - Seamless.jpg using Guid(17c350171f7a3ca479f830547c66d187) Importer(815301076,1909f56bfc062723c751e8b465ee728b) [PhysX] Initialized MultithreadedTaskDispatcher with 8 workers.
[PhysX] Initialized MultithreadedTaskDispatcher with 8 workers.
 -> (artifact id: '0b3fb0eec36a3112aaa1cd3c7ba4a1f7') in 0.012800 seconds
Number of updated asset objects reloaded before import = 0
Number of asset objects unloaded after import = 2
========================================================================
Received Import Request.
  Time since last request: 0.000043 seconds.
  path: Assets/TextMesh Pro/Examples & Extras/Textures/Wipe Pattern - Diagonal.psd
  artifactKey: Guid(ed5290d8df18488780e2996b9b882f01) Importer(815301076,1909f56bfc062723c751e8b465ee728b)
Start importing Assets/TextMesh Pro/Examples & Extras/Textures/Wipe Pattern - Diagonal.psd using Guid(ed5290d8df18488780e2996b9b882f01) Importer(815301076,1909f56bfc062723c751e8b465ee728b) [PhysX] Initialized MultithreadedTaskDispatcher with 8 workers.
[PhysX] Initialized MultithreadedTaskDispatcher with 8 workers.
 -> (artifact id: 'eaaff7191bfadef75e9cc86a511acf0d') in 0.012775 seconds
Number of updated asset objects reloaded before import = 0
Number of asset objects unloaded after import = 2
========================================================================
Received Import Request.
  Time since last request: 0.000035 seconds.
  path: Assets/TextMesh Pro/Examples & Extras/Resources/Fonts & Materials/Bangers SDF.asset
  artifactKey: Guid(125cb55b44b24c4393181402bc6200e6) Importer(815301076,1909f56bfc062723c751e8b465ee728b)
Start importing Assets/TextMesh Pro/Examples & Extras/Resources/Fonts & Materials/Bangers SDF.asset using Guid(125cb55b44b24c4393181402bc6200e6) Importer(815301076,1909f56bfc062723c751e8b465ee728b) [PhysX] Initialized MultithreadedTaskDispatcher with 8 workers.
[PhysX] Initialized MultithreadedTaskDispatcher with 8 workers.
[PhysX] Initialized MultithreadedTaskDispatcher with 8 workers.
 -> (artifact id: 'dbc7a329d622eacbcebdd8eb5e9374b8') in 0.028439 seconds
Number of updated asset objects reloaded before import = 0
Number of asset objects unloaded after import = 6
========================================================================
Received Import Request.
  Time since last request: 0.000028 seconds.
  path: Assets/TextMesh Pro/Examples & Extras/Fonts/Electronic Highway Sign.TTF
  artifactKey: Guid(8a2b9e2a607dd2143b58c44bc32410b4) Importer(815301076,1909f56bfc062723c751e8b465ee728b)
Start importing Assets/TextMesh Pro/Examples & Extras/Fonts/Electronic Highway Sign.TTF using Guid(8a2b9e2a607dd2143b58c44bc32410b4) Importer(815301076,1909f56bfc062723c751e8b465ee728b) [PhysX] Initialized MultithreadedTaskDispatcher with 8 workers.
[PhysX] Initialized MultithreadedTaskDispatcher with 8 workers.
[PhysX] Initialized MultithreadedTaskDispatcher with 8 workers.
 -> (artifact id: 'f93019e763b134649657821480d2ce08') in 0.028144 seconds
Number of updated asset objects reloaded before import = 0
Number of asset objects unloaded after import = 4
========================================================================
Received Import Request.
  Time since last request: 0.000027 seconds.
  path: Assets/TextMesh Pro/Examples & Extras/Textures/Fruit Jelly (B&W).jpg
  artifactKey: Guid(1cdc5b506b1a4a33a53c30669ced1f51) Importer(815301076,1909f56bfc062723c751e8b465ee728b)
Start importing Assets/TextMesh Pro/Examples & Extras/Textures/Fruit Jelly (B&W).jpg using Guid(1cdc5b506b1a4a33a53c30669ced1f51) Importer(815301076,1909f56bfc062723c751e8b465ee728b) [PhysX] Initialized MultithreadedTaskDispatcher with 8 workers.
[PhysX] Initialized MultithreadedTaskDispatcher with 8 workers.
 -> (artifact id: '2be9649845aeac475757cac59f3a271c') in 0.013412 seconds
Number of updated asset objects reloaded before import = 0
Number of asset objects unloaded after import = 2
========================================================================
Received Import Request.
  Time since last request: 0.000028 seconds.
  path: Assets/TextMesh Pro/Examples & Extras/Resources/Fonts & Materials/Roboto-Bold SDF.asset
  artifactKey: Guid(5302535af1044152a457ed104f1f4b91) Importer(815301076,1909f56bfc062723c751e8b465ee728b)
Start importing Assets/TextMesh Pro/Examples & Extras/Resources/Fonts & Materials/Roboto-Bold SDF.asset using Guid(5302535af1044152a457ed104f1f4b91) Importer(815301076,1909f56bfc062723c751e8b465ee728b) [PhysX] Initialized MultithreadedTaskDispatcher with 8 workers.
[PhysX] Initialized MultithreadedTaskDispatcher with 8 workers.
[PhysX] Initialized MultithreadedTaskDispatcher with 8 workers.
 -> (artifact id: '1ec2656791d87368c4ee90694e3a6012') in 0.030217 seconds
Number of updated asset objects reloaded before import = 0
Number of asset objects unloaded after import = 6
========================================================================
Received Import Request.
  Time since last request: 0.000030 seconds.
  path: Assets/TextMesh Pro/Examples & Extras/Textures/Text Overflow - Linked Text UI Screenshot.png
  artifactKey: Guid(c76d18757a194d618355f05f815cb0a1) Importer(815301076,1909f56bfc062723c751e8b465ee728b)
Start importing Assets/TextMesh Pro/Examples & Extras/Textures/Text Overflow - Linked Text UI Screenshot.png using Guid(c76d18757a194d618355f05f815cb0a1) Importer(815301076,1909f56bfc062723c751e8b465ee728b) [PhysX] Initialized MultithreadedTaskDispatcher with 8 workers.
[PhysX] Initialized MultithreadedTaskDispatcher with 8 workers.
 -> (artifact id: 'e5e1d8284a6df594e688ef3ef060fb81') in 0.025749 seconds
Number of updated asset objects reloaded before import = 0
Number of asset objects unloaded after import = 2
========================================================================
Received Import Request.
  Time since last request: 0.000028 seconds.
  path: Assets/TextMesh Pro/Examples & Extras/Resources/Fonts & Materials/Oswald Bold SDF.asset
  artifactKey: Guid(0161d805a3764c089bef00bfe00793f5) Importer(815301076,1909f56bfc062723c751e8b465ee728b)
Start importing Assets/TextMesh Pro/Examples & Extras/Resources/Fonts & Materials/Oswald Bold SDF.asset using Guid(0161d805a3764c089bef00bfe00793f5) Importer(815301076,1909f56bfc062723c751e8b465ee728b) [PhysX] Initialized MultithreadedTaskDispatcher with 8 workers.
[PhysX] Initialized MultithreadedTaskDispatcher with 8 workers.
[PhysX] Initialized MultithreadedTaskDispatcher with 8 workers.
 -> (artifact id: 'a7ca0caa6d83568cba530535cb8a974b') in 0.031968 seconds
Number of updated asset objects reloaded before import = 0
Number of asset objects unloaded after import = 6
========================================================================
Received Import Request.
  Time since last request: 0.000028 seconds.
  path: Assets/TextMesh Pro/Examples & Extras/Textures/Floor Cement.jpg
  artifactKey: Guid(283f897e4925411ebbaa758b4cb13fc2) Importer(815301076,1909f56bfc062723c751e8b465ee728b)
Start importing Assets/TextMesh Pro/Examples & Extras/Textures/Floor Cement.jpg using Guid(283f897e4925411ebbaa758b4cb13fc2) Importer(815301076,1909f56bfc062723c751e8b465ee728b) [PhysX] Initialized MultithreadedTaskDispatcher with 8 workers.
[PhysX] Initialized MultithreadedTaskDispatcher with 8 workers.
 -> (artifact id: 'a7ce37fbf73aa04643d9bf539206d5a3') in 0.012236 seconds
Number of updated asset objects reloaded before import = 0
Number of asset objects unloaded after import = 2
========================================================================
Received Import Request.
  Time since last request: 0.000036 seconds.
  path: Assets/TextMesh Pro/Examples & Extras/Textures/Wipe Pattern - Radial Double.psd
  artifactKey: Guid(7631f4eff8f74ed38eb3eb9db17134e1) Importer(815301076,1909f56bfc062723c751e8b465ee728b)
Start importing Assets/TextMesh Pro/Examples & Extras/Textures/Wipe Pattern - Radial Double.psd using Guid(7631f4eff8f74ed38eb3eb9db17134e1) Importer(815301076,1909f56bfc062723c751e8b465ee728b) [PhysX] Initialized MultithreadedTaskDispatcher with 8 workers.
[PhysX] Initialized MultithreadedTaskDispatcher with 8 workers.
 -> (artifact id: 'dcb6308bed9d3ff1b93dce1e8a1f86d2') in 0.015512 seconds
Number of updated asset objects reloaded before import = 0
Number of asset objects unloaded after import = 2
========================================================================
Received Import Request.
  Time since last request: 2188.481715 seconds.
  path: Assets/New Terrain.asset
  artifactKey: Guid(bc0777839c98044448a2af04a394e031) Importer(815301076,1909f56bfc062723c751e8b465ee728b)
Start importing Assets/New Terrain.asset using Guid(bc0777839c98044448a2af04a394e031) Importer(815301076,1909f56bfc062723c751e8b465ee728b) [PhysX] Initialized MultithreadedTaskDispatcher with 8 workers.
 -> (artifact id: '6391b5b41c751a3a9e68b919740ebb5d') in 0.013337 seconds
Number of updated asset objects reloaded before import = 0
Number of asset objects unloaded after import = 1
========================================================================
Received Import Request.
  Time since last request: 0.000041 seconds.
  path: Assets/TerrainData_4f8e7be2-3af6-4a18-bbd7-df24bb088932.asset
  artifactKey: Guid(ed786bf153741604fbc1b26ce87d1be3) Importer(815301076,1909f56bfc062723c751e8b465ee728b)
Start importing Assets/TerrainData_4f8e7be2-3af6-4a18-bbd7-df24bb088932.asset using Guid(ed786bf153741604fbc1b26ce87d1be3) Importer(815301076,1909f56bfc062723c751e8b465ee728b) [PhysX] Initialized MultithreadedTaskDispatcher with 8 workers.
 -> (artifact id: '25629c63b812ca9dafa4c96a8b9cec0d') in 0.011760 seconds
=======
  Time since last request: 238312.527028 seconds.
  path: Assets/TerrainData_4f8e7be2-3af6-4a18-bbd7-df24bb088932.asset
  artifactKey: Guid(ed786bf153741604fbc1b26ce87d1be3) Importer(815301076,1909f56bfc062723c751e8b465ee728b)
Start importing Assets/TerrainData_4f8e7be2-3af6-4a18-bbd7-df24bb088932.asset using Guid(ed786bf153741604fbc1b26ce87d1be3) Importer(815301076,1909f56bfc062723c751e8b465ee728b) [PhysX] Initialized MultithreadedTaskDispatcher with 12 workers.
 -> (artifact id: 'cfd40c744c9ca28a97e73ac8545e8a77') in 0.017122 seconds
>>>>>>> 341d4d3951c3128341e685595ef74a1a041a317b
Number of updated asset objects reloaded before import = 0
Number of asset objects unloaded after import = 1
========================================================================
Received Import Request.
<<<<<<< HEAD
  Time since last request: 0.000055 seconds.
  path: Assets/TerrainData_52961ae6-7f46-4114-ab37-468f5456c8a4.asset
  artifactKey: Guid(9d8b18474904a044bae8c4ba8f3ec557) Importer(815301076,1909f56bfc062723c751e8b465ee728b)
Start importing Assets/TerrainData_52961ae6-7f46-4114-ab37-468f5456c8a4.asset using Guid(9d8b18474904a044bae8c4ba8f3ec557) Importer(815301076,1909f56bfc062723c751e8b465ee728b) [PhysX] Initialized MultithreadedTaskDispatcher with 8 workers.
 -> (artifact id: '40fdb5c1ccaef3c1797824ac95d58545') in 0.010886 seconds
=======
  Time since last request: 0.000016 seconds.
  path: Assets/TerrainData_132a6d74-5346-4520-b7c1-6b136754b9ad.asset
  artifactKey: Guid(5a5185268b5641944b5b0fd42163834b) Importer(815301076,1909f56bfc062723c751e8b465ee728b)
Start importing Assets/TerrainData_132a6d74-5346-4520-b7c1-6b136754b9ad.asset using Guid(5a5185268b5641944b5b0fd42163834b) Importer(815301076,1909f56bfc062723c751e8b465ee728b) [PhysX] Initialized MultithreadedTaskDispatcher with 12 workers.
 -> (artifact id: '9e9bb8ee8f9e8afa8bce5e061e8cd68e') in 0.005010 seconds
Number of updated asset objects reloaded before import = 0
Number of asset objects unloaded after import = 1
========================================================================
Received Import Request.
  Time since last request: 0.000019 seconds.
  path: Assets/TerrainData_42998c24-4edd-4266-a098-67efc76c50fb.asset
  artifactKey: Guid(1254270a348c63b4b9b61d5ad013fdef) Importer(815301076,1909f56bfc062723c751e8b465ee728b)
Start importing Assets/TerrainData_42998c24-4edd-4266-a098-67efc76c50fb.asset using Guid(1254270a348c63b4b9b61d5ad013fdef) Importer(815301076,1909f56bfc062723c751e8b465ee728b) [PhysX] Initialized MultithreadedTaskDispatcher with 12 workers.
 -> (artifact id: '6e3a3e9443716ee9725acce025104c3b') in 0.005232 seconds
Number of updated asset objects reloaded before import = 0
Number of asset objects unloaded after import = 1
========================================================================
Received Import Request.
  Time since last request: 0.000018 seconds.
  path: Assets/TerrainData_c72d6bb9-5008-49af-bac5-d5834346145d.asset
  artifactKey: Guid(48681de5adb01ad438999a6d06a286e0) Importer(815301076,1909f56bfc062723c751e8b465ee728b)
Start importing Assets/TerrainData_c72d6bb9-5008-49af-bac5-d5834346145d.asset using Guid(48681de5adb01ad438999a6d06a286e0) Importer(815301076,1909f56bfc062723c751e8b465ee728b) [PhysX] Initialized MultithreadedTaskDispatcher with 12 workers.
 -> (artifact id: '9acf1bfbe96f2a843e9d0387e5bdc560') in 0.005836 seconds
Number of updated asset objects reloaded before import = 0
Number of asset objects unloaded after import = 1
========================================================================
Received Import Request.
  Time since last request: 0.000022 seconds.
  path: Assets/TerrainData_52961ae6-7f46-4114-ab37-468f5456c8a4.asset
  artifactKey: Guid(9d8b18474904a044bae8c4ba8f3ec557) Importer(815301076,1909f56bfc062723c751e8b465ee728b)
Start importing Assets/TerrainData_52961ae6-7f46-4114-ab37-468f5456c8a4.asset using Guid(9d8b18474904a044bae8c4ba8f3ec557) Importer(815301076,1909f56bfc062723c751e8b465ee728b) [PhysX] Initialized MultithreadedTaskDispatcher with 12 workers.
 -> (artifact id: 'a22dcb7032602e96ca04981cc01db84a') in 0.006127 seconds
>>>>>>> 341d4d3951c3128341e685595ef74a1a041a317b
Number of updated asset objects reloaded before import = 0
Number of asset objects unloaded after import = 1
========================================================================
Received Import Request.
<<<<<<< HEAD
  Time since last request: 0.000044 seconds.
  path: Assets/TerrainData_0cdda031-2ae9-4b59-b378-55b78dbf2ced.asset
  artifactKey: Guid(8f217a3bb6f8c2148bb769315d4f9a4b) Importer(815301076,1909f56bfc062723c751e8b465ee728b)
Start importing Assets/TerrainData_0cdda031-2ae9-4b59-b378-55b78dbf2ced.asset using Guid(8f217a3bb6f8c2148bb769315d4f9a4b) Importer(815301076,1909f56bfc062723c751e8b465ee728b) [PhysX] Initialized MultithreadedTaskDispatcher with 8 workers.
 -> (artifact id: 'c614e895a1fa628fdd5a365bc667dd0f') in 0.010867 seconds
=======
  Time since last request: 0.000017 seconds.
  path: Assets/TerrainData_d8a58c84-8fff-4d92-8228-d05861effccf.asset
  artifactKey: Guid(161b6aa06c8bc444ebf8703594a69234) Importer(815301076,1909f56bfc062723c751e8b465ee728b)
Start importing Assets/TerrainData_d8a58c84-8fff-4d92-8228-d05861effccf.asset using Guid(161b6aa06c8bc444ebf8703594a69234) Importer(815301076,1909f56bfc062723c751e8b465ee728b) [PhysX] Initialized MultithreadedTaskDispatcher with 12 workers.
 -> (artifact id: '454f5657310ecc414a75b965f741cf99') in 0.005939 seconds
>>>>>>> 341d4d3951c3128341e685595ef74a1a041a317b
Number of updated asset objects reloaded before import = 0
Number of asset objects unloaded after import = 1
========================================================================
Received Import Request.
<<<<<<< HEAD
  Time since last request: 0.000034 seconds.
  path: Assets/TerrainData_15ef85ae-2d85-44b2-89e1-af547b52c7ac.asset
  artifactKey: Guid(e2d2e388c016ebc4e83a576d2edebbb6) Importer(815301076,1909f56bfc062723c751e8b465ee728b)
Start importing Assets/TerrainData_15ef85ae-2d85-44b2-89e1-af547b52c7ac.asset using Guid(e2d2e388c016ebc4e83a576d2edebbb6) Importer(815301076,1909f56bfc062723c751e8b465ee728b) [PhysX] Initialized MultithreadedTaskDispatcher with 8 workers.
 -> (artifact id: '9a55a1b9890438e7e32e0905c1761d62') in 0.011349 seconds
=======
  Time since last request: 0.000019 seconds.
  path: Assets/TerrainData_147281d8-974a-4891-abf7-3bc57c249934.asset
  artifactKey: Guid(e7e763ddcc71d374f9c98aadf0385af3) Importer(815301076,1909f56bfc062723c751e8b465ee728b)
Start importing Assets/TerrainData_147281d8-974a-4891-abf7-3bc57c249934.asset using Guid(e7e763ddcc71d374f9c98aadf0385af3) Importer(815301076,1909f56bfc062723c751e8b465ee728b) [PhysX] Initialized MultithreadedTaskDispatcher with 12 workers.
 -> (artifact id: '7b4a600dbe8548bd22ce947801005f8a') in 0.004856 seconds
Number of updated asset objects reloaded before import = 0
Number of asset objects unloaded after import = 1
========================================================================
Received Import Request.
  Time since last request: 0.000015 seconds.
  path: Assets/TerrainData_46822471-b829-447a-bb78-141a105fba9a.asset
  artifactKey: Guid(21850714a814f414aa04d9450f819555) Importer(815301076,1909f56bfc062723c751e8b465ee728b)
Start importing Assets/TerrainData_46822471-b829-447a-bb78-141a105fba9a.asset using Guid(21850714a814f414aa04d9450f819555) Importer(815301076,1909f56bfc062723c751e8b465ee728b) [PhysX] Initialized MultithreadedTaskDispatcher with 12 workers.
 -> (artifact id: 'd2c0e53f8c3d38e3898b10879d88e4d5') in 0.005412 seconds
>>>>>>> 341d4d3951c3128341e685595ef74a1a041a317b
Number of updated asset objects reloaded before import = 0
Number of asset objects unloaded after import = 1
========================================================================
Received Import Request.
<<<<<<< HEAD
  Time since last request: 0.000033 seconds.
  path: Assets/TerrainData_1e9cd5b0-cde3-46e6-97f5-a1bb69e19aa0.asset
  artifactKey: Guid(944998096df8924499654464a3027ac2) Importer(815301076,1909f56bfc062723c751e8b465ee728b)
Start importing Assets/TerrainData_1e9cd5b0-cde3-46e6-97f5-a1bb69e19aa0.asset using Guid(944998096df8924499654464a3027ac2) Importer(815301076,1909f56bfc062723c751e8b465ee728b) [PhysX] Initialized MultithreadedTaskDispatcher with 8 workers.
 -> (artifact id: '089b836feaca422c449e72e42d936a0d') in 0.010357 seconds
=======
  Time since last request: 0.000016 seconds.
  path: Assets/TerrainData_b5b88ec7-684a-4b9a-9643-561e66a68473.asset
  artifactKey: Guid(c8baff902c9289345bca6e909f0e90b9) Importer(815301076,1909f56bfc062723c751e8b465ee728b)
Start importing Assets/TerrainData_b5b88ec7-684a-4b9a-9643-561e66a68473.asset using Guid(c8baff902c9289345bca6e909f0e90b9) Importer(815301076,1909f56bfc062723c751e8b465ee728b) [PhysX] Initialized MultithreadedTaskDispatcher with 12 workers.
 -> (artifact id: '326ed61d4f85a8b8d2786970098770fa') in 0.005621 seconds
>>>>>>> 341d4d3951c3128341e685595ef74a1a041a317b
Number of updated asset objects reloaded before import = 0
Number of asset objects unloaded after import = 1
========================================================================
Received Import Request.
<<<<<<< HEAD
  Time since last request: 0.000039 seconds.
  path: Assets/TerrainData_d7a8aa57-a220-4f60-96c8-2e830c7f5646.asset
  artifactKey: Guid(1c029b8de9135cd4a9c15f00e8879be0) Importer(815301076,1909f56bfc062723c751e8b465ee728b)
Start importing Assets/TerrainData_d7a8aa57-a220-4f60-96c8-2e830c7f5646.asset using Guid(1c029b8de9135cd4a9c15f00e8879be0) Importer(815301076,1909f56bfc062723c751e8b465ee728b) [PhysX] Initialized MultithreadedTaskDispatcher with 8 workers.
 -> (artifact id: '523db7671402e4df8e1a48d335c18c70') in 0.013525 seconds
=======
  Time since last request: 0.000015 seconds.
  path: Assets/TerrainData_1e9cd5b0-cde3-46e6-97f5-a1bb69e19aa0.asset
  artifactKey: Guid(944998096df8924499654464a3027ac2) Importer(815301076,1909f56bfc062723c751e8b465ee728b)
Start importing Assets/TerrainData_1e9cd5b0-cde3-46e6-97f5-a1bb69e19aa0.asset using Guid(944998096df8924499654464a3027ac2) Importer(815301076,1909f56bfc062723c751e8b465ee728b) [PhysX] Initialized MultithreadedTaskDispatcher with 12 workers.
 -> (artifact id: 'e56a310a57f3364947d431cce7206670') in 0.005430 seconds
>>>>>>> 341d4d3951c3128341e685595ef74a1a041a317b
Number of updated asset objects reloaded before import = 0
Number of asset objects unloaded after import = 1
========================================================================
Received Import Request.
<<<<<<< HEAD
  Time since last request: 0.000033 seconds.
  path: Assets/TerrainData_b5b88ec7-684a-4b9a-9643-561e66a68473.asset
  artifactKey: Guid(c8baff902c9289345bca6e909f0e90b9) Importer(815301076,1909f56bfc062723c751e8b465ee728b)
Start importing Assets/TerrainData_b5b88ec7-684a-4b9a-9643-561e66a68473.asset using Guid(c8baff902c9289345bca6e909f0e90b9) Importer(815301076,1909f56bfc062723c751e8b465ee728b) [PhysX] Initialized MultithreadedTaskDispatcher with 8 workers.
 -> (artifact id: '78381f4a212bd5c71f64573243a67a46') in 0.010565 seconds
Number of updated asset objects reloaded before import = 0
Number of asset objects unloaded after import = 1
========================================================================
Received Import Request.
  Time since last request: 0.000033 seconds.
  path: Assets/TerrainData_8dce63c7-5f63-4bfc-bd52-77905dc29bda.asset
  artifactKey: Guid(85576b8bb2f0f5b41baf097fde2e4def) Importer(815301076,1909f56bfc062723c751e8b465ee728b)
Start importing Assets/TerrainData_8dce63c7-5f63-4bfc-bd52-77905dc29bda.asset using Guid(85576b8bb2f0f5b41baf097fde2e4def) Importer(815301076,1909f56bfc062723c751e8b465ee728b) [PhysX] Initialized MultithreadedTaskDispatcher with 8 workers.
 -> (artifact id: 'c8e5af9302946d057f156784567d0b95') in 0.011742 seconds
=======
  Time since last request: 0.000018 seconds.
  path: Assets/TerrainData_8dce63c7-5f63-4bfc-bd52-77905dc29bda.asset
  artifactKey: Guid(85576b8bb2f0f5b41baf097fde2e4def) Importer(815301076,1909f56bfc062723c751e8b465ee728b)
Start importing Assets/TerrainData_8dce63c7-5f63-4bfc-bd52-77905dc29bda.asset using Guid(85576b8bb2f0f5b41baf097fde2e4def) Importer(815301076,1909f56bfc062723c751e8b465ee728b) [PhysX] Initialized MultithreadedTaskDispatcher with 12 workers.
 -> (artifact id: '111823cbbc28c4269b85e7ca833b9dcb') in 0.006149 seconds
>>>>>>> 341d4d3951c3128341e685595ef74a1a041a317b
Number of updated asset objects reloaded before import = 0
Number of asset objects unloaded after import = 1
========================================================================
Received Import Request.
<<<<<<< HEAD
  Time since last request: 0.000039 seconds.
  path: Assets/TerrainData_edb4d677-977c-4bc5-b464-551d5e08e862.asset
  artifactKey: Guid(61602aeb5e831e64384090b7658a1060) Importer(815301076,1909f56bfc062723c751e8b465ee728b)
Start importing Assets/TerrainData_edb4d677-977c-4bc5-b464-551d5e08e862.asset using Guid(61602aeb5e831e64384090b7658a1060) Importer(815301076,1909f56bfc062723c751e8b465ee728b) [PhysX] Initialized MultithreadedTaskDispatcher with 8 workers.
 -> (artifact id: '9bc4cca4bde60ad18d8c9178b158a666') in 0.012209 seconds
Number of updated asset objects reloaded before import = 0
Number of asset objects unloaded after import = 1
========================================================================
Received Import Request.
  Time since last request: 0.000035 seconds.
  path: Assets/TerrainData_6f670718-878c-44ae-a9e8-820556d73692.asset
  artifactKey: Guid(50fff0082013cd64993c786cb327befc) Importer(815301076,1909f56bfc062723c751e8b465ee728b)
Start importing Assets/TerrainData_6f670718-878c-44ae-a9e8-820556d73692.asset using Guid(50fff0082013cd64993c786cb327befc) Importer(815301076,1909f56bfc062723c751e8b465ee728b) [PhysX] Initialized MultithreadedTaskDispatcher with 8 workers.
 -> (artifact id: '90a8e5104d9010d16d6664c9bbdc5788') in 0.011553 seconds
=======
  Time since last request: 0.000017 seconds.
  path: Assets/TerrainData_6f670718-878c-44ae-a9e8-820556d73692.asset
  artifactKey: Guid(50fff0082013cd64993c786cb327befc) Importer(815301076,1909f56bfc062723c751e8b465ee728b)
Start importing Assets/TerrainData_6f670718-878c-44ae-a9e8-820556d73692.asset using Guid(50fff0082013cd64993c786cb327befc) Importer(815301076,1909f56bfc062723c751e8b465ee728b) [PhysX] Initialized MultithreadedTaskDispatcher with 12 workers.
 -> (artifact id: 'e153c0bc4bb13e103fc8b1de191e79ff') in 0.004690 seconds
>>>>>>> 341d4d3951c3128341e685595ef74a1a041a317b
Number of updated asset objects reloaded before import = 0
Number of asset objects unloaded after import = 1
========================================================================
Received Import Request.
<<<<<<< HEAD
  Time since last request: 0.000036 seconds.
  path: Assets/TerrainData_42c92bd0-d040-4e2e-8cea-2a78878ee892.asset
  artifactKey: Guid(18001453e6a5eb049a3be525eef178ba) Importer(815301076,1909f56bfc062723c751e8b465ee728b)
Start importing Assets/TerrainData_42c92bd0-d040-4e2e-8cea-2a78878ee892.asset using Guid(18001453e6a5eb049a3be525eef178ba) Importer(815301076,1909f56bfc062723c751e8b465ee728b) [PhysX] Initialized MultithreadedTaskDispatcher with 8 workers.
 -> (artifact id: '6715bef4201fa9d5e6b951d6b08cbed0') in 0.010241 seconds
=======
  Time since last request: 0.000013 seconds.
  path: Assets/TerrainData_7bdb128f-45bd-4ea3-864f-173b72742ec5.asset
  artifactKey: Guid(57bbf2dd2a20818418e6457fd9dfd45f) Importer(815301076,1909f56bfc062723c751e8b465ee728b)
Start importing Assets/TerrainData_7bdb128f-45bd-4ea3-864f-173b72742ec5.asset using Guid(57bbf2dd2a20818418e6457fd9dfd45f) Importer(815301076,1909f56bfc062723c751e8b465ee728b) [PhysX] Initialized MultithreadedTaskDispatcher with 12 workers.
 -> (artifact id: '7d9024606256a2685c42abee69aa98d3') in 0.004908 seconds
Number of updated asset objects reloaded before import = 0
Number of asset objects unloaded after import = 1
========================================================================
Received Import Request.
  Time since last request: 0.000017 seconds.
  path: Assets/TerrainData_c024756f-ecdc-463b-a0d1-176c6aac20b1.asset
  artifactKey: Guid(2ad7d92d937e57b4bb0552d933bdf184) Importer(815301076,1909f56bfc062723c751e8b465ee728b)
Start importing Assets/TerrainData_c024756f-ecdc-463b-a0d1-176c6aac20b1.asset using Guid(2ad7d92d937e57b4bb0552d933bdf184) Importer(815301076,1909f56bfc062723c751e8b465ee728b) [PhysX] Initialized MultithreadedTaskDispatcher with 12 workers.
 -> (artifact id: '21c2206f3f1320d73ce315becc40221a') in 0.006011 seconds
Number of updated asset objects reloaded before import = 0
Number of asset objects unloaded after import = 1
========================================================================
Received Import Request.
  Time since last request: 0.000015 seconds.
  path: Assets/TerrainData_42c92bd0-d040-4e2e-8cea-2a78878ee892.asset
  artifactKey: Guid(18001453e6a5eb049a3be525eef178ba) Importer(815301076,1909f56bfc062723c751e8b465ee728b)
Start importing Assets/TerrainData_42c92bd0-d040-4e2e-8cea-2a78878ee892.asset using Guid(18001453e6a5eb049a3be525eef178ba) Importer(815301076,1909f56bfc062723c751e8b465ee728b) [PhysX] Initialized MultithreadedTaskDispatcher with 12 workers.
 -> (artifact id: '2eb3781237aea083dc83bbd08ea97e58') in 0.004965 seconds
>>>>>>> 341d4d3951c3128341e685595ef74a1a041a317b
Number of updated asset objects reloaded before import = 0
Number of asset objects unloaded after import = 1
========================================================================
Received Import Request.
<<<<<<< HEAD
  Time since last request: 0.000027 seconds.
  path: Assets/TerrainData_e497f7a3-aa21-4f41-af89-39fff67e0e08.asset
  artifactKey: Guid(08f3c994234a8ac429681e62c514d0be) Importer(815301076,1909f56bfc062723c751e8b465ee728b)
Start importing Assets/TerrainData_e497f7a3-aa21-4f41-af89-39fff67e0e08.asset using Guid(08f3c994234a8ac429681e62c514d0be) Importer(815301076,1909f56bfc062723c751e8b465ee728b) [PhysX] Initialized MultithreadedTaskDispatcher with 8 workers.
 -> (artifact id: '3614817cd62a8595ed33c49e84d09450') in 0.011055 seconds
=======
  Time since last request: 0.000015 seconds.
  path: Assets/TerrainData_dff27705-ec2b-48c8-9472-22bae48c717c.asset
  artifactKey: Guid(134456ae58a8ef14da8500a56b59fb85) Importer(815301076,1909f56bfc062723c751e8b465ee728b)
Start importing Assets/TerrainData_dff27705-ec2b-48c8-9472-22bae48c717c.asset using Guid(134456ae58a8ef14da8500a56b59fb85) Importer(815301076,1909f56bfc062723c751e8b465ee728b) [PhysX] Initialized MultithreadedTaskDispatcher with 12 workers.
 -> (artifact id: '07156014d66687afce3bf7f4856fa97c') in 0.005456 seconds
>>>>>>> 341d4d3951c3128341e685595ef74a1a041a317b
Number of updated asset objects reloaded before import = 0
Number of asset objects unloaded after import = 1
========================================================================
Received Import Request.
<<<<<<< HEAD
  Time since last request: 0.000040 seconds.
  path: Assets/TerrainData_9dd6f4ac-3da6-4da5-82d2-7a997fcd6514.asset
  artifactKey: Guid(207ae92c6238ba143bf21b01722b974d) Importer(815301076,1909f56bfc062723c751e8b465ee728b)
Start importing Assets/TerrainData_9dd6f4ac-3da6-4da5-82d2-7a997fcd6514.asset using Guid(207ae92c6238ba143bf21b01722b974d) Importer(815301076,1909f56bfc062723c751e8b465ee728b) [PhysX] Initialized MultithreadedTaskDispatcher with 8 workers.
 -> (artifact id: '0ceb224da81a3aa103cc61be3d3d5812') in 0.010975 seconds
Number of updated asset objects reloaded before import = 0
Number of asset objects unloaded after import = 1
========================================================================
Received Import Request.
  Time since last request: 0.000035 seconds.
  path: Assets/TerrainData_66101fab-6aa9-4081-b42f-4ac2b86a4455.asset
  artifactKey: Guid(8b3e341071afdd9439d18e77b4763884) Importer(815301076,1909f56bfc062723c751e8b465ee728b)
Start importing Assets/TerrainData_66101fab-6aa9-4081-b42f-4ac2b86a4455.asset using Guid(8b3e341071afdd9439d18e77b4763884) Importer(815301076,1909f56bfc062723c751e8b465ee728b) [PhysX] Initialized MultithreadedTaskDispatcher with 8 workers.
 -> (artifact id: '3f26d5965aaf5e159ba9daa8d0acef38') in 0.013589 seconds
=======
  Time since last request: 0.000016 seconds.
  path: Assets/TerrainData_bdbd7d85-548c-41dd-94ac-b42054e8b374.asset
  artifactKey: Guid(c6e6f8f8217a2a74e9da79d94038c2e8) Importer(815301076,1909f56bfc062723c751e8b465ee728b)
Start importing Assets/TerrainData_bdbd7d85-548c-41dd-94ac-b42054e8b374.asset using Guid(c6e6f8f8217a2a74e9da79d94038c2e8) Importer(815301076,1909f56bfc062723c751e8b465ee728b) [PhysX] Initialized MultithreadedTaskDispatcher with 12 workers.
 -> (artifact id: 'c40a040b1b68b7b64b177bd09747d115') in 0.005007 seconds
>>>>>>> 341d4d3951c3128341e685595ef74a1a041a317b
Number of updated asset objects reloaded before import = 0
Number of asset objects unloaded after import = 1
========================================================================
Received Import Request.
<<<<<<< HEAD
  Time since last request: 0.000040 seconds.
  path: Assets/TerrainData_6784ae27-8571-4319-8aec-1001912100c6.asset
  artifactKey: Guid(293c3e4b48452dd47979f8d0b5370298) Importer(815301076,1909f56bfc062723c751e8b465ee728b)
Start importing Assets/TerrainData_6784ae27-8571-4319-8aec-1001912100c6.asset using Guid(293c3e4b48452dd47979f8d0b5370298) Importer(815301076,1909f56bfc062723c751e8b465ee728b) [PhysX] Initialized MultithreadedTaskDispatcher with 8 workers.
 -> (artifact id: 'f39f88a76fc3bed324fe623894cc407c') in 0.010676 seconds
=======
  Time since last request: 0.000015 seconds.
  path: Assets/TerrainData_84da35fb-540f-467c-9da2-312af907adb7.asset
  artifactKey: Guid(def3795a440ce0a4fae89ccf329a3143) Importer(815301076,1909f56bfc062723c751e8b465ee728b)
Start importing Assets/TerrainData_84da35fb-540f-467c-9da2-312af907adb7.asset using Guid(def3795a440ce0a4fae89ccf329a3143) Importer(815301076,1909f56bfc062723c751e8b465ee728b) [PhysX] Initialized MultithreadedTaskDispatcher with 12 workers.
 -> (artifact id: '95d1afecd251a929908858d325d5ad0a') in 0.005218 seconds
>>>>>>> 341d4d3951c3128341e685595ef74a1a041a317b
Number of updated asset objects reloaded before import = 0
Number of asset objects unloaded after import = 1
========================================================================
Received Import Request.
<<<<<<< HEAD
  Time since last request: 3.487593 seconds.
  path: Assets/MAP
  artifactKey: Guid(b1b17e45e6142e04d8cb8e12e5ec02df) Importer(815301076,1909f56bfc062723c751e8b465ee728b)
Start importing Assets/MAP using Guid(b1b17e45e6142e04d8cb8e12e5ec02df) Importer(815301076,1909f56bfc062723c751e8b465ee728b) [PhysX] Initialized MultithreadedTaskDispatcher with 8 workers.
 -> (artifact id: '36d535730c12cac1cc1af5419c5dc1cb') in 0.001101 seconds
=======
  Time since last request: 156.930399 seconds.
  path: Assets/MAP
  artifactKey: Guid(b1b17e45e6142e04d8cb8e12e5ec02df) Importer(815301076,1909f56bfc062723c751e8b465ee728b)
Start importing Assets/MAP using Guid(b1b17e45e6142e04d8cb8e12e5ec02df) Importer(815301076,1909f56bfc062723c751e8b465ee728b) [PhysX] Initialized MultithreadedTaskDispatcher with 12 workers.
 -> (artifact id: 'bba879b803c5f988975a9c3a98349e0d') in 0.000583 seconds
Number of updated asset objects reloaded before import = 0
Number of asset objects unloaded after import = 0
========================================================================
Received Import Request.
  Time since last request: 4.783016 seconds.
  path: Assets/Zemin
  artifactKey: Guid(b1b17e45e6142e04d8cb8e12e5ec02df) Importer(815301076,1909f56bfc062723c751e8b465ee728b)
Start importing Assets/Zemin using Guid(b1b17e45e6142e04d8cb8e12e5ec02df) Importer(815301076,1909f56bfc062723c751e8b465ee728b) [PhysX] Initialized MultithreadedTaskDispatcher with 12 workers.
 -> (artifact id: 'f37c0693e475ea829e19e2ae9569d11f') in 0.000524 seconds
Number of updated asset objects reloaded before import = 0
Number of asset objects unloaded after import = 0
========================================================================
Received Import Request.
  Time since last request: 5.501825 seconds.
  path: Assets/Map
  artifactKey: Guid(ce5e5956dc623154a9240a36b3b8fe83) Importer(815301076,1909f56bfc062723c751e8b465ee728b)
Start importing Assets/Map using Guid(ce5e5956dc623154a9240a36b3b8fe83) Importer(815301076,1909f56bfc062723c751e8b465ee728b) [PhysX] Initialized MultithreadedTaskDispatcher with 12 workers.
 -> (artifact id: '27d64de34e85a71d764d336149a02419') in 0.000828 seconds
Number of updated asset objects reloaded before import = 0
Number of asset objects unloaded after import = 0
========================================================================
Received Import Request.
  Time since last request: 8.914369 seconds.
  path: Assets/Da
  artifactKey: Guid(82fc679d1b8743d46978b115014b96a8) Importer(815301076,1909f56bfc062723c751e8b465ee728b)
Start importing Assets/Da using Guid(82fc679d1b8743d46978b115014b96a8) Importer(815301076,1909f56bfc062723c751e8b465ee728b) [PhysX] Initialized MultithreadedTaskDispatcher with 12 workers.
 -> (artifact id: '23abb81c79dcb20e04950dcfeaaab895') in 0.001071 seconds
Number of updated asset objects reloaded before import = 0
Number of asset objects unloaded after import = 0
========================================================================
Received Import Request.
  Time since last request: 16.594116 seconds.
  path: Assets/Scenes/GameScene.unity
  artifactKey: Guid(9fc0d4010bbf28b4594072e72b8655ab) Importer(815301076,1909f56bfc062723c751e8b465ee728b)
Start importing Assets/Scenes/GameScene.unity using Guid(9fc0d4010bbf28b4594072e72b8655ab) Importer(815301076,1909f56bfc062723c751e8b465ee728b) [PhysX] Initialized MultithreadedTaskDispatcher with 12 workers.
 -> (artifact id: '224e882f5c4b24b13b3d7bb6026faae3') in 0.000571 seconds
Number of updated asset objects reloaded before import = 0
Number of asset objects unloaded after import = 0
========================================================================
Received Import Request.
  Time since last request: 0.679414 seconds.
  path: Assets/Scenes/MainMenuScene.unity
  artifactKey: Guid(160687d9b52e08143860077ddcecd1f4) Importer(815301076,1909f56bfc062723c751e8b465ee728b)
Start importing Assets/Scenes/MainMenuScene.unity using Guid(160687d9b52e08143860077ddcecd1f4) Importer(815301076,1909f56bfc062723c751e8b465ee728b) [PhysX] Initialized MultithreadedTaskDispatcher with 12 workers.
 -> (artifact id: '063a4b5f3d6e939233f7f988afe24cfc') in 0.000567 seconds
Number of updated asset objects reloaded before import = 0
Number of asset objects unloaded after import = 0
========================================================================
Received Import Request.
  Time since last request: 16.346566 seconds.
  path: Assets/_Scripts
  artifactKey: Guid(eb45c48fea3e26b4fa5e4e6d67876acc) Importer(815301076,1909f56bfc062723c751e8b465ee728b)
Start importing Assets/_Scripts using Guid(eb45c48fea3e26b4fa5e4e6d67876acc) Importer(815301076,1909f56bfc062723c751e8b465ee728b) [PhysX] Initialized MultithreadedTaskDispatcher with 12 workers.
 -> (artifact id: 'fdb1bbb42a8725ce10faff711f87fcb4') in 0.000878 seconds
>>>>>>> 341d4d3951c3128341e685595ef74a1a041a317b
Number of updated asset objects reloaded before import = 0
Number of asset objects unloaded after import = 0
